This is pdfTeX, Version 3.14159265-2.6-1.40.21 (MiKTeX 20.10) (preloaded format=pdflatex 2020.10.18)  24 MAY 2021 17:24
entering extended mode
**./Full_document.tex
(Full_document.tex
LaTeX2e <2020-10-01> patch level 1
L3 programming layer <2020-10-05> xparse <2020-03-03> ("C:\Program Files\MiKTeX
\tex/latex/base\article.cls"
Document Class: article 2020/04/10 v1.4m Standard LaTeX document class
("C:\Program Files\MiKTeX\tex/latex/base\size10.clo"
File: size10.clo 2020/04/10 v1.4m Standard LaTeX file (size option)
)
\c@part=\count175
\c@section=\count176
\c@subsection=\count177
\c@subsubsection=\count178
\c@paragraph=\count179
\c@subparagraph=\count180
\c@figure=\count181
\c@table=\count182
\abovecaptionskip=\skip47
\belowcaptionskip=\skip48
\bibindent=\dimen138
) ("C:\Program Files\MiKTeX\tex/latex/lm\lmodern.sty"
Package: lmodern 2009/10/30 v1.6 Latin Modern Fonts
LaTeX Font Info:    Overwriting symbol font `operators' in version `normal'
(Font)                  OT1/cmr/m/n --> OT1/lmr/m/n on input line 22.
LaTeX Font Info:    Overwriting symbol font `letters' in version `normal'
(Font)                  OML/cmm/m/it --> OML/lmm/m/it on input line 23.
LaTeX Font Info:    Overwriting symbol font `symbols' in version `normal'
(Font)                  OMS/cmsy/m/n --> OMS/lmsy/m/n on input line 24.
LaTeX Font Info:    Overwriting symbol font `largesymbols' in version `normal'
(Font)                  OMX/cmex/m/n --> OMX/lmex/m/n on input line 25.
LaTeX Font Info:    Overwriting symbol font `operators' in version `bold'
(Font)                  OT1/cmr/bx/n --> OT1/lmr/bx/n on input line 26.
LaTeX Font Info:    Overwriting symbol font `letters' in version `bold'
(Font)                  OML/cmm/b/it --> OML/lmm/b/it on input line 27.
LaTeX Font Info:    Overwriting symbol font `symbols' in version `bold'
(Font)                  OMS/cmsy/b/n --> OMS/lmsy/b/n on input line 28.
LaTeX Font Info:    Overwriting symbol font `largesymbols' in version `bold'
(Font)                  OMX/cmex/m/n --> OMX/lmex/m/n on input line 29.
LaTeX Font Info:    Overwriting math alphabet `\mathbf' in version `normal'
(Font)                  OT1/cmr/bx/n --> OT1/lmr/bx/n on input line 31.
LaTeX Font Info:    Overwriting math alphabet `\mathsf' in version `normal'
(Font)                  OT1/cmss/m/n --> OT1/lmss/m/n on input line 32.
LaTeX Font Info:    Overwriting math alphabet `\mathit' in version `normal'
(Font)                  OT1/cmr/m/it --> OT1/lmr/m/it on input line 33.
LaTeX Font Info:    Overwriting math alphabet `\mathtt' in version `normal'
(Font)                  OT1/cmtt/m/n --> OT1/lmtt/m/n on input line 34.
LaTeX Font Info:    Overwriting math alphabet `\mathbf' in version `bold'
(Font)                  OT1/cmr/bx/n --> OT1/lmr/bx/n on input line 35.
LaTeX Font Info:    Overwriting math alphabet `\mathsf' in version `bold'
(Font)                  OT1/cmss/bx/n --> OT1/lmss/bx/n on input line 36.
LaTeX Font Info:    Overwriting math alphabet `\mathit' in version `bold'
(Font)                  OT1/cmr/bx/it --> OT1/lmr/bx/it on input line 37.
LaTeX Font Info:    Overwriting math alphabet `\mathtt' in version `bold'
(Font)                  OT1/cmtt/m/n --> OT1/lmtt/m/n on input line 38.
) ("C:\Program Files\MiKTeX\tex/latex/amsfonts\amssymb.sty"
Package: amssymb 2013/01/14 v3.01 AMS font symbols
("C:\Program Files\MiKTeX\tex/latex/amsfonts\amsfonts.sty"
Package: amsfonts 2013/01/14 v3.01 Basic AMSFonts support
\@emptytoks=\toks15
\symAMSa=\mathgroup4
\symAMSb=\mathgroup5
LaTeX Font Info:    Redeclaring math symbol \hbar on input line 98.
LaTeX Font Info:    Overwriting math alphabet `\mathfrak' in version `bold'
(Font)                  U/euf/m/n --> U/euf/b/n on input line 106.
)) ("C:\Program Files\MiKTeX\tex/latex/amsmath\amsmath.sty"
Package: amsmath 2020/09/23 v2.17i AMS math features
\@mathmargin=\skip49
For additional information on amsmath, use the `?' option.
("C:\Program Files\MiKTeX\tex/latex/amsmath\amstext.sty"
Package: amstext 2000/06/29 v2.01 AMS text
("C:\Program Files\MiKTeX\tex/latex/amsmath\amsgen.sty"
File: amsgen.sty 1999/11/30 v2.0 generic functions
\@emptytoks=\toks16
\ex@=\dimen139
)) ("C:\Program Files\MiKTeX\tex/latex/amsmath\amsbsy.sty"
Package: amsbsy 1999/11/29 v1.2d Bold Symbols
\pmbraise@=\dimen140
) ("C:\Program Files\MiKTeX\tex/latex/amsmath\amsopn.sty"
Package: amsopn 2016/03/08 v2.02 operator names
)
\inf@bad=\count183
LaTeX Info: Redefining \frac on input line 234.
\uproot@=\count184
\leftroot@=\count185
LaTeX Info: Redefining \overline on input line 399.
\classnum@=\count186
\DOTSCASE@=\count187
LaTeX Info: Redefining \ldots on input line 496.
LaTeX Info: Redefining \dots on input line 499.
LaTeX Info: Redefining \cdots on input line 620.
\Mathstrutbox@=\box47
\strutbox@=\box48
\big@size=\dimen141
LaTeX Font Info:    Redeclaring font encoding OML on input line 743.
LaTeX Font Info:    Redeclaring font encoding OMS on input line 744.
\macc@depth=\count188
\c@MaxMatrixCols=\count189
\dotsspace@=\muskip16
\c@parentequation=\count190
\dspbrk@lvl=\count191
\tag@help=\toks17
\row@=\count192
\column@=\count193
\maxfields@=\count194
\andhelp@=\toks18
\eqnshift@=\dimen142
\alignsep@=\dimen143
\tagshift@=\dimen144
\tagwidth@=\dimen145
\totwidth@=\dimen146
\lineht@=\dimen147
\@envbody=\toks19
\multlinegap=\skip50
\multlinetaggap=\skip51
\mathdisplay@stack=\toks20
LaTeX Info: Redefining \[ on input line 2923.
LaTeX Info: Redefining \] on input line 2924.
) ("C:\Program Files\MiKTeX\tex/generic/iftex\ifxetex.sty"
Package: ifxetex 2019/10/25 v0.7 ifxetex legacy package. Use iftex instead.
("C:\Program Files\MiKTeX\tex/generic/iftex\iftex.sty"
Package: iftex 2020/03/06 v1.0d TeX engine tests
)) ("C:\Program Files\MiKTeX\tex/generic/iftex\ifluatex.sty"
Package: ifluatex 2019/10/25 v1.5 ifluatex legacy package. Use iftex instead.
) ("C:\Program Files\MiKTeX\tex/latex/base\fontenc.sty"
Package: fontenc 2020/08/10 v2.0s Standard LaTeX package
LaTeX Font Info:    Trying to load font information for T1+lmr on input line 11
2.
("C:\Program Files\MiKTeX\tex/latex/lm\t1lmr.fd"
File: t1lmr.fd 2009/10/30 v1.6 Font defs for Latin Modern
)) ("C:\Program Files\MiKTeX\tex/latex/base\inputenc.sty"
Package: inputenc 2020/08/01 v1.3d Input encoding file
\inpenc@prehook=\toks21
\inpenc@posthook=\toks22
) ("C:\Program Files\MiKTeX\tex/latex/base\textcomp.sty"
Package: textcomp 2020/02/02 v2.0n Standard LaTeX package
) ("C:\Program Files\MiKTeX\tex/latex/upquote\upquote.sty"
Package: upquote 2012/04/19 v1.3 upright-quote and grave-accent glyphs in verba
tim
) ("C:\Program Files\MiKTeX\tex/latex/microtype\microtype.sty"
Package: microtype 2019/11/18 v2.7d Micro-typographical refinements (RS)
("C:\Program Files\MiKTeX\tex/latex/graphics\keyval.sty"
Package: keyval 2014/10/28 v1.15 key=value parser (DPC)
\KV@toks@=\toks23
)
\MT@toks=\toks24
\MT@count=\count195
LaTeX Info: Redefining \textls on input line 790.
\MT@outer@kern=\dimen148
LaTeX Info: Redefining \textmicrotypecontext on input line 1354.
\MT@listname@count=\count196
("C:\Program Files\MiKTeX\tex/latex/microtype\microtype-pdftex.def"
File: microtype-pdftex.def 2019/11/18 v2.7d Definitions specific to pdftex (RS)

LaTeX Info: Redefining \lsstyle on input line 914.
LaTeX Info: Redefining \lslig on input line 914.
\MT@outer@space=\skip52
)
Package microtype Info: Loading configuration file microtype.cfg.
("C:\Program Files\MiKTeX\tex/latex/microtype\microtype.cfg"
File: microtype.cfg 2019/11/18 v2.7d microtype main configuration file (RS)
)) ("C:\Program Files\MiKTeX\tex/latex/parskip\parskip.sty"
Package: parskip 2020-06-15 v2.0f non-zero parskip adjustments
("C:\Program Files\MiKTeX\tex/latex/kvoptions\kvoptions.sty"
Package: kvoptions 2019/11/29 v3.13 Key value format for package options (HO)
("C:\Program Files\MiKTeX\tex/generic/ltxcmds\ltxcmds.sty"
Package: ltxcmds 2020-05-10 v1.25 LaTeX kernel commands for general use (HO)
) ("C:\Program Files\MiKTeX\tex/generic/kvsetkeys\kvsetkeys.sty"
Package: kvsetkeys 2019/12/15 v1.18 Key value parser (HO)
)) ("C:\Program Files\MiKTeX\tex/latex/etoolbox\etoolbox.sty"
Package: etoolbox 2020/10/05 v2.5k e-TeX tools for LaTeX (JAW)
\etb@tempcnta=\count197
)) ("C:\Program Files\MiKTeX\tex/latex/xcolor\xcolor.sty"
Package: xcolor 2016/05/11 v2.12 LaTeX color extensions (UK)
("C:\Program Files\MiKTeX\tex/latex/graphics-cfg\color.cfg"
File: color.cfg 2016/01/02 v1.6 sample color configuration
)
Package xcolor Info: Driver file: pdftex.def on input line 225.
("C:\Program Files\MiKTeX\tex/latex/graphics-def\pdftex.def"
File: pdftex.def 2020/10/05 v1.2a Graphics/color driver for pdftex
)
Package xcolor Info: Model `cmy' substituted by `cmy0' on input line 1348.
Package xcolor Info: Model `hsb' substituted by `rgb' on input line 1352.
Package xcolor Info: Model `RGB' extended on input line 1364.
Package xcolor Info: Model `HTML' substituted by `rgb' on input line 1366.
Package xcolor Info: Model `Hsb' substituted by `hsb' on input line 1367.
Package xcolor Info: Model `tHsb' substituted by `hsb' on input line 1368.
Package xcolor Info: Model `HSB' substituted by `hsb' on input line 1369.
Package xcolor Info: Model `Gray' substituted by `gray' on input line 1370.
Package xcolor Info: Model `wave' substituted by `hsb' on input line 1371.
) ("C:\Program Files\MiKTeX\tex/latex/xurl\xurl.sty"
Package: xurl 2020/01/24 v 0.09 modify URL breaks
("C:\Program Files\MiKTeX\tex/latex/url\url.sty"
\Urlmuskip=\muskip17
Package: url 2013/09/16  ver 3.4  Verb mode for urls, etc.
)) ("C:\Program Files\MiKTeX\tex/latex/bookmark\bookmark.sty"
Package: bookmark 2019/12/03 v1.28 PDF bookmarks (HO)
("C:\Program Files\MiKTeX\tex/latex/hyperref\hyperref.sty"
Package: hyperref 2020-05-15 v7.00e Hypertext links for LaTeX
("C:\Program Files\MiKTeX\tex/generic/pdftexcmds\pdftexcmds.sty"
Package: pdftexcmds 2020-06-27 v0.33 Utility functions of pdfTeX for LuaTeX (HO
)
("C:\Program Files\MiKTeX\tex/generic/infwarerr\infwarerr.sty"
Package: infwarerr 2019/12/03 v1.5 Providing info/warning/error messages (HO)
)
Package pdftexcmds Info: \pdf@primitive is available.
Package pdftexcmds Info: \pdf@ifprimitive is available.
Package pdftexcmds Info: \pdfdraftmode found.
) ("C:\Program Files\MiKTeX\tex/generic/kvdefinekeys\kvdefinekeys.sty"
Package: kvdefinekeys 2019-12-19 v1.6 Define keys (HO)
) ("C:\Program Files\MiKTeX\tex/generic/pdfescape\pdfescape.sty"
Package: pdfescape 2019/12/09 v1.15 Implements pdfTeX's escape features (HO)
) ("C:\Program Files\MiKTeX\tex/latex/hycolor\hycolor.sty"
Package: hycolor 2020-01-27 v1.10 Color options for hyperref/bookmark (HO)
) ("C:\Program Files\MiKTeX\tex/latex/letltxmacro\letltxmacro.sty"
Package: letltxmacro 2019/12/03 v1.6 Let assignment for LaTeX macros (HO)
) ("C:\Program Files\MiKTeX\tex/latex/auxhook\auxhook.sty"
Package: auxhook 2019-12-17 v1.6 Hooks for auxiliary files (HO)
)
\@linkdim=\dimen149
\Hy@linkcounter=\count198
\Hy@pagecounter=\count199
("C:\Program Files\MiKTeX\tex/latex/hyperref\pd1enc.def"
File: pd1enc.def 2020-05-15 v7.00e Hyperref: PDFDocEncoding definition (HO)
Now handling font encoding PD1 ...
... no UTF-8 mapping file for font encoding PD1
) ("C:\Program Files\MiKTeX\tex/generic/intcalc\intcalc.sty"
Package: intcalc 2019/12/15 v1.3 Expandable calculations with integers (HO)
) ("C:\Program Files\MiKTeX\tex/generic/etexcmds\etexcmds.sty"
Package: etexcmds 2019/12/15 v1.7 Avoid name clashes with e-TeX commands (HO)
)
\Hy@SavedSpaceFactor=\count266
Package hyperref Info: Option `unicode' set `true' on input line 4338.
("C:\Program Files\MiKTeX\tex/latex/hyperref\puenc.def"
File: puenc.def 2020-05-15 v7.00e Hyperref: PDF Unicode definition (HO)
Now handling font encoding PU ...
... no UTF-8 mapping file for font encoding PU
)
Package hyperref Info: Hyper figures OFF on input line 4464.
Package hyperref Info: Link nesting OFF on input line 4469.
Package hyperref Info: Hyper index ON on input line 4472.
Package hyperref Info: Plain pages OFF on input line 4479.
Package hyperref Info: Backreferencing OFF on input line 4484.
Package hyperref Info: Implicit mode ON; LaTeX internals redefined.
Package hyperref Info: Bookmarks ON on input line 4717.
\c@Hy@tempcnt=\count267
LaTeX Info: Redefining \url on input line 5076.
\XeTeXLinkMargin=\dimen150
("C:\Program Files\MiKTeX\tex/generic/bitset\bitset.sty"
Package: bitset 2019/12/09 v1.3 Handle bit-vector datatype (HO)
("C:\Program Files\MiKTeX\tex/generic/bigintcalc\bigintcalc.sty"
Package: bigintcalc 2019/12/15 v1.5 Expandable calculations on big integers (HO
)
))
\Fld@menulength=\count268
\Field@Width=\dimen151
\Fld@charsize=\dimen152
Package hyperref Info: Hyper figures OFF on input line 6347.
Package hyperref Info: Link nesting OFF on input line 6352.
Package hyperref Info: Hyper index ON on input line 6355.
Package hyperref Info: backreferencing OFF on input line 6362.
Package hyperref Info: Link coloring OFF on input line 6367.
Package hyperref Info: Link coloring with OCG OFF on input line 6372.
Package hyperref Info: PDF/A mode OFF on input line 6377.
LaTeX Info: Redefining \ref on input line 6417.
LaTeX Info: Redefining \pageref on input line 6421.
("C:\Program Files\MiKTeX\tex/latex/base\atbegshi-ltx.sty"
Package: atbegshi-ltx 2020/08/17 v1.0a Emulation of the original atbegshi packa
ge
with kernel methods
)
\Hy@abspage=\count269
\c@Item=\count270
\c@Hfootnote=\count271
)
Package hyperref Info: Driver (autodetected): hpdftex.
("C:\Program Files\MiKTeX\tex/latex/hyperref\hpdftex.def"
File: hpdftex.def 2020-05-15 v7.00e Hyperref driver for pdfTeX
("C:\Program Files\MiKTeX\tex/latex/base\atveryend-ltx.sty"
Package: atveryend-ltx 2020/08/19 v1.0a Emulation of the original atvery packag
e
with kernel methods
)
\Fld@listcount=\count272
\c@bookmark@seq@number=\count273
("C:\Program Files\MiKTeX\tex/latex/rerunfilecheck\rerunfilecheck.sty"
Package: rerunfilecheck 2019/12/05 v1.9 Rerun checks for auxiliary files (HO)
("C:\Program Files\MiKTeX\tex/generic/uniquecounter\uniquecounter.sty"
Package: uniquecounter 2019/12/15 v1.4 Provide unlimited unique counter (HO)
)
Package uniquecounter Info: New unique counter `rerunfilecheck' on input line 2
86.
)
\Hy@SectionHShift=\skip53
) ("C:\Program Files\MiKTeX\tex/latex/bookmark\bkm-pdftex.def"
File: bkm-pdftex.def 2019/12/03 v1.28 bookmark driver for pdfTeX (HO)
\BKM@id=\count274
))
Package hyperref Info: Option `breaklinks' set `true' on input line 40.
("C:\Program Files\MiKTeX\tex/latex/geometry\geometry.sty"
Package: geometry 2020/01/02 v5.9 Page Geometry
("C:\Program Files\MiKTeX\tex/generic/iftex\ifvtex.sty"
Package: ifvtex 2019/10/25 v1.7 ifvtex legacy package. Use iftex instead.
)
\Gm@cnth=\count275
\Gm@cntv=\count276
\c@Gm@tempcnt=\count277
\Gm@bindingoffset=\dimen153
\Gm@wd@mp=\dimen154
\Gm@odd@mp=\dimen155
\Gm@even@mp=\dimen156
\Gm@layoutwidth=\dimen157
\Gm@layoutheight=\dimen158
\Gm@layouthoffset=\dimen159
\Gm@layoutvoffset=\dimen160
\Gm@dimlist=\toks25
("C:\Program Files\MiKTeX\tex/latex/geometry\geometry.cfg")) ("C:\Program Files
\MiKTeX\tex/latex/listings\listings.sty"
\lst@mode=\count278
\lst@gtempboxa=\box49
\lst@token=\toks26
\lst@length=\count279
\lst@currlwidth=\dimen161
\lst@column=\count280
\lst@pos=\count281
\lst@lostspace=\dimen162
\lst@width=\dimen163
\lst@newlines=\count282
\lst@lineno=\count283
\lst@maxwidth=\dimen164
("C:\Program Files\MiKTeX\tex/latex/listings\lstmisc.sty"
File: lstmisc.sty 2020/03/24 1.8d (Carsten Heinz)
\c@lstnumber=\count284
\lst@skipnumbers=\count285
\lst@framebox=\box50
) ("C:\Program Files\MiKTeX\tex/latex/listings\listings.cfg"
File: listings.cfg 2020/03/24 1.8d listings configuration
))
Package: listings 2020/03/24 1.8d (Carsten Heinz)
("C:\Program Files\MiKTeX\tex/latex/tools\longtable.sty"
Package: longtable 2020/01/07 v4.13 Multi-page Table package (DPC)
\LTleft=\skip54
\LTright=\skip55
\LTpre=\skip56
\LTpost=\skip57
\LTchunksize=\count286
\LTcapwidth=\dimen165
\LT@head=\box51
\LT@firsthead=\box52
\LT@foot=\box53
\LT@lastfoot=\box54
\LT@cols=\count287
\LT@rows=\count288
\c@LT@tables=\count289
\c@LT@chunks=\count290
\LT@p@ftn=\toks27
) ("C:\Program Files\MiKTeX\tex/latex/booktabs\booktabs.sty"
Package: booktabs 2020/01/12 v1.61803398 Publication quality tables
\heavyrulewidth=\dimen166
\lightrulewidth=\dimen167
\cmidrulewidth=\dimen168
\belowrulesep=\dimen169
\belowbottomsep=\dimen170
\aboverulesep=\dimen171
\abovetopsep=\dimen172
\cmidrulesep=\dimen173
\cmidrulekern=\dimen174
\defaultaddspace=\dimen175
\@cmidla=\count291
\@cmidlb=\count292
\@aboverulesep=\dimen176
\@belowrulesep=\dimen177
\@thisruleclass=\count293
\@lastruleclass=\count294
\@thisrulewidth=\dimen178
) ("C:\Program Files\MiKTeX\tex/latex/footnotehyper\footnotehyper.sty"
Package: footnotehyper 2021/01/29 v1.1c hyperref aware footnote.sty (JFB)
\FNH@notes=\box55
\FNH@width=\dimen179
\FNH@toks=\toks28
) ("C:\Program Files\MiKTeX\tex/latex/graphics\graphicx.sty"
Package: graphicx 2020/09/09 v1.2b Enhanced LaTeX Graphics (DPC,SPQR)
("C:\Program Files\MiKTeX\tex/latex/graphics\graphics.sty"
Package: graphics 2020/08/30 v1.4c Standard LaTeX Graphics (DPC,SPQR)
("C:\Program Files\MiKTeX\tex/latex/graphics\trig.sty"
Package: trig 2016/01/03 v1.10 sin cos tan (DPC)
) ("C:\Program Files\MiKTeX\tex/latex/graphics-cfg\graphics.cfg"
File: graphics.cfg 2016/06/04 v1.11 sample graphics configuration
)
Package graphics Info: Driver file: pdftex.def on input line 105.
)
\Gin@req@height=\dimen180
\Gin@req@width=\dimen181
) ("C:\Program Files\MiKTeX\tex/latex/grffile\grffile.sty"
Package: grffile 2019/11/11 v2.1 Extended file name support for graphics (legac
y)
Package grffile Info: This package is an empty stub for compatibility on input 
line 40.
) ("C:\Program Files\MiKTeX\tex/latex/lineno\lineno.sty"
Package: lineno 2005/11/02 line numbers on paragraphs v4.41
\linenopenalty=\count295
\output=\toks29
\linenoprevgraf=\count296
\linenumbersep=\dimen182
\linenumberwidth=\dimen183
\c@linenumber=\count297
\c@pagewiselinenumber=\count298
\c@LN@truepage=\count299
\c@internallinenumber=\count300
\c@internallinenumbers=\count301
\quotelinenumbersep=\dimen184
\bframerule=\dimen185
\bframesep=\dimen186
\bframebox=\box56
LaTeX Info: Redefining \\ on input line 3056.
) ("C:\Program Files\MiKTeX\tex/latex/preprint\authblk.sty"
Package: authblk 2001/02/27 1.3 (PWD)
\affilsep=\skip58
\@affilsep=\skip59
\c@Maxaffil=\count302
\c@authors=\count303
\c@affil=\count304
) ("C:\Program Files\MiKTeX\tex/latex/placeins\placeins.sty"
Package: placeins 2005/04/18  v 2.2
) ("C:\Program Files\MiKTeX\tex/latex/subfig\subfig.sty"
Package: subfig 2005/06/28 ver: 1.3 subfig package
("C:\Program Files\MiKTeX\tex/latex/caption\caption.sty"
Package: caption 2020/10/26 v3.5g Customizing captions (AR)
("C:\Program Files\MiKTeX\tex/latex/caption\caption3.sty"
Package: caption3 2020/10/21 v2.2e caption3 kernel (AR)
\captionmargin=\dimen187
\captionmargin@=\dimen188
\captionwidth=\dimen189
\caption@tempdima=\dimen190
\caption@indent=\dimen191
\caption@parindent=\dimen192
\caption@hangindent=\dimen193
Package caption Info: Standard document class detected.
)
\c@caption@flags=\count305
\c@continuedfloat=\count306
Package caption Info: hyperref package is loaded.
Package caption Info: listings package is loaded.
Package caption Info: longtable package is loaded.
("C:\Program Files\MiKTeX\tex/latex/caption\ltcaption.sty"
Package: ltcaption 2020/05/30 v1.4b longtable captions (AR)
))
\c@KVtest=\count307
\sf@farskip=\skip60
\sf@captopadj=\dimen194
\sf@capskip=\skip61
\sf@nearskip=\skip62
\c@subfigure=\count308
\c@subfigure@save=\count309
\c@lofdepth=\count310
\c@subtable=\count311
\c@subtable@save=\count312
\c@lotdepth=\count313
\sf@top=\skip63
\sf@bottom=\skip64
) ("C:\Program Files\MiKTeX\tex/latex/breqn\breqn.sty" ("C:\Program Files\MiKTe
X\tex/latex/l3kernel\expl3.sty"
Package: expl3 2020-10-05 L3 programming layer (loader) 
("C:\Program Files\MiKTeX\tex/latex/l3backend\l3backend-pdftex.def"
File: l3backend-pdftex.def 2020-09-24 L3 backend support: PDF output (pdfTeX)
\l__kernel_color_stack_int=\count314
\l__pdf_internal_box=\box57
))
Package: breqn 2020/09/24 v0.98k Breaking equations
("C:\Program Files\MiKTeX\tex/latex/breqn\flexisym.sty"
Package: flexisym 2020/09/24 v0.98k Make math characters macros
LaTeX Info: Redefining \textprime on input line 299.
LaTeX Info: Redefining \not on input line 357.
("C:\Program Files\MiKTeX\tex/latex/breqn\cmbase.sym"
File: cmbase.sym 2007/12/19 v0.92
LaTeX Info: Redefining \hbar on input line 324.
LaTeX Info: Redefining \surd on input line 326.
LaTeX Info: Redefining \angle on input line 334.
LaTeX Info: Redefining \neq on input line 335.
LaTeX Info: Redefining \mapsto on input line 336.
LaTeX Info: Redefining \cong on input line 337.
LaTeX Info: Redefining \notin on input line 340.
LaTeX Info: Redefining \rightleftharpoons on input line 341.
LaTeX Info: Redefining \doteq on input line 342.
LaTeX Info: Redefining \hookrightarrow on input line 343.
LaTeX Info: Redefining \hookleftarrow on input line 344.
LaTeX Info: Redefining \bowtie on input line 345.
LaTeX Info: Redefining \models on input line 346.
LaTeX Info: Redefining \Longrightarrow on input line 347.
LaTeX Info: Redefining \longrightarrow on input line 348.
LaTeX Info: Redefining \Longleftarrow on input line 349.
LaTeX Info: Redefining \longleftarrow on input line 350.
LaTeX Info: Redefining \longmapsto on input line 351.
LaTeX Info: Redefining \longleftrightarrow on input line 352.
LaTeX Info: Redefining \Longleftrightarrow on input line 353.
LaTeX Info: Redefining \cdots on input line 357.
LaTeX Info: Redefining \vdots on input line 360.
LaTeX Info: Redefining \ddots on input line 365.
) ("C:\Program Files\MiKTeX\tex/latex/breqn\mathstyle.sty"
Package: mathstyle 2020/09/24 v0.98k Tracking mathstyle implicitly
LaTeX Info: Redefining \displaystyle on input line 95.
LaTeX Info: Redefining \textstyle on input line 97.
LaTeX Info: Redefining \scriptstyle on input line 99.
LaTeX Info: Redefining \scriptscriptstyle on input line 101.
LaTeX Info: Redefining \genfrac on input line 149.
)) ("C:\Program Files\MiKTeX\tex/latex/tools\calc.sty"
Package: calc 2017/05/25 v4.3 Infix arithmetic (KKT,FJ)
\calc@Acount=\count315
\calc@Bcount=\count316
\calc@Adimen=\dimen195
\calc@Bdimen=\dimen196
\calc@Askip=\skip65
\calc@Bskip=\skip66
LaTeX Info: Redefining \setlength on input line 80.
LaTeX Info: Redefining \addtolength on input line 81.
\calc@Ccount=\count317
\calc@Cskip=\skip67
)
\inf@bad=\count318
\maxint=\count319
\listwidth=\dimen197
\eqnumsep=\dimen198
\eqmargin=\dimen199
\eqlinespacing=\skip68
\eqlineskip=\skip69
\eqlineskiplimit=\dimen256
\eqbinoffset=\muskip18
\eqdelimoffset=\muskip19
\eqindentstep=\dimen257
\eqstyle=\toks30
\eqbreakdepth=\count320
\eqinterlinepenalty=\count321
\intereqpenalty=\count322
\intereqskip=\skip70
\prerelpenalty=\count323
\prebinoppenalty=\count324
\Dmedmuskip=\muskip20
\Dthickmuskip=\muskip21
\eqleftskip=\skip71
\eqrightskip=\skip72
\eq@vspan=\skip73
\eq@binoffset=\muskip22
\EQ@box=\box58
\EQ@copy=\box59
\EQ@numbox=\box60
\eq@wdNum=\dimen258
\GRP@numbox=\box61
\grp@wdNum=\dimen259
\eq@lines=\count325
\eq@curline=\count326
\eq@badness=\count327
\EQ@vims=\count328
\eq@dp=\dimen260
\eq@wdL=\dimen261
\eq@wdT=\dimen262
\eq@wdMin=\dimen263
\grp@wdL=\dimen264
\grp@wdR=\dimen265
\grp@wdT=\dimen266
\eq@wdRmax=\dimen267
\eq@firstht=\dimen268
\eq@wdCond=\dimen269
\eq@indentstep=\dimen270
\eq@linewidth=\dimen271
\grp@linewidth=\dimen272
\eq@hshift=\dimen273
\eq@given@sidespace=\dimen274
\mathindent=\dimen275
\eq@final@linecount=\count329
\eq@wdR=\dimen276
\EQ@continue=\toks31
\lr@level=\count330
\GRP@queue=\toks32
\GRP@box=\box62
\GRP@wholebox=\box63
\darraycolsep=\skip74
\cur@row=\count331
\cur@col=\count332
\conditionsep=\skip75
) ("C:\Program Files\MiKTeX\tex/latex/float\float.sty"
Package: float 2001/11/08 v1.3d Float enhancements (AL)
\c@float@type=\count333
\float@exts=\toks33
\float@box=\box64
\@float@everytoks=\toks34
\@floatcapt=\box65
) (Full_document.aux)
\openout1 = `Full_document.aux'.

LaTeX Font Info:    Checking defaults for OML/cmm/m/it on input line 156.
LaTeX Font Info:    ... okay on input line 156.
LaTeX Font Info:    Checking defaults for OMS/cmsy/m/n on input line 156.
LaTeX Font Info:    ... okay on input line 156.
LaTeX Font Info:    Checking defaults for OT1/cmr/m/n on input line 156.
LaTeX Font Info:    ... okay on input line 156.
LaTeX Font Info:    Checking defaults for T1/cmr/m/n on input line 156.
LaTeX Font Info:    ... okay on input line 156.
LaTeX Font Info:    Checking defaults for TS1/cmr/m/n on input line 156.
LaTeX Font Info:    ... okay on input line 156.
LaTeX Font Info:    Checking defaults for OMX/cmex/m/n on input line 156.
LaTeX Font Info:    ... okay on input line 156.
LaTeX Font Info:    Checking defaults for U/cmr/m/n on input line 156.
LaTeX Font Info:    ... okay on input line 156.
LaTeX Font Info:    Checking defaults for PD1/pdf/m/n on input line 156.
LaTeX Font Info:    ... okay on input line 156.
LaTeX Font Info:    Checking defaults for PU/pdf/m/n on input line 156.
LaTeX Font Info:    ... okay on input line 156.
LaTeX Info: Redefining \microtypecontext on input line 156.
Package microtype Info: Generating PDF output.
Package microtype Info: Character protrusion enabled (level 2).
Package microtype Info: Using protrusion set `basicmath'.
Package microtype Info: Automatic font expansion enabled (level 2),
(microtype)             stretch: 20, shrink: 20, step: 1, non-selected.
Package microtype Info: Using default expansion set `basictext'.
LaTeX Info: Redefining \showhyphens on input line 156.
Package microtype Info: No adjustment of tracking.
Package microtype Info: No adjustment of interword spacing.
Package microtype Info: No adjustment of character kerning.
("C:\Program Files\MiKTeX\tex/latex/microtype\mt-cmr.cfg"
File: mt-cmr.cfg 2013/05/19 v2.2 microtype config. file: Computer Modern Roman 
(RS)
) ("C:\Program Files\MiKTeX\tex/context/base/mkii\supp-pdf.mkii"
[Loading MPS to PDF converter (version 2006.09.02).]
\scratchcounter=\count334
\scratchdimen=\dimen277
\scratchbox=\box66
\nofMPsegments=\count335
\nofMParguments=\count336
\everyMPshowfont=\toks35
\MPscratchCnt=\count337
\MPscratchDim=\dimen278
\MPnumerator=\count338
\makeMPintoPDFobject=\count339
\everyMPtoPDFconversion=\toks36
) ("C:\Program Files\MiKTeX\tex/latex/epstopdf-pkg\epstopdf-base.sty"
Package: epstopdf-base 2020-01-24 v2.11 Base part for package epstopdf
Package epstopdf-base Info: Redefining graphics rule for `.eps' on input line 4
85.
)
Package hyperref Info: Link coloring OFF on input line 156.
("C:\Program Files\MiKTeX\tex/latex/hyperref\nameref.sty"
Package: nameref 2019/09/16 v2.46 Cross-referencing by name of section
("C:\Program Files\MiKTeX\tex/latex/refcount\refcount.sty"
Package: refcount 2019/12/15 v3.6 Data extraction from label references (HO)
) ("C:\Program Files\MiKTeX\tex/generic/gettitlestring\gettitlestring.sty"
Package: gettitlestring 2019/12/15 v1.6 Cleanup title references (HO)
)
\c@section@level=\count340
)
LaTeX Info: Redefining \ref on input line 156.
LaTeX Info: Redefining \pageref on input line 156.
LaTeX Info: Redefining \nameref on input line 156.
*geometry* driver: auto-detecting
*geometry* detected driver: pdftex
*geometry* verbose mode - [ preamble ] result:
* driver: pdftex
* paper: <default>
* layout: <same size as paper>
* layoutoffset:(h,v)=(0.0pt,0.0pt)
* modes: 
* h-part:(L,W,R)=(72.26999pt, 469.75502pt, 72.26999pt)
* v-part:(T,H,B)=(72.26999pt, 650.43001pt, 72.26999pt)
* \paperwidth=614.295pt
* \paperheight=794.96999pt
* \textwidth=469.75502pt
* \textheight=650.43001pt
* \oddsidemargin=0.0pt
* \evensidemargin=0.0pt
* \topmargin=-37.0pt
* \headheight=12.0pt
* \headsep=25.0pt
* \topskip=10.0pt
* \footskip=30.0pt
* \marginparwidth=65.0pt
* \marginparsep=11.0pt
* \columnsep=10.0pt
* \skip\footins=9.0pt plus 4.0pt minus 2.0pt
* \hoffset=0.0pt
* \voffset=0.0pt
* \mag=1000
* \@twocolumnfalse
* \@twosidefalse
* \@mparswitchfalse
* \@reversemarginfalse
* (1in=72.27pt=25.4mm, 1cm=28.453pt)

\c@lstlisting=\count341
Package caption Info: Begin \AtBeginDocument code.
Package caption Info: subfig package v1.3 is loaded.
Package caption Info: float package is loaded.
Package caption Info: End \AtBeginDocument code.
LaTeX Font Info:    Trying to load font information for T1+lmss on input line 1
57.
("C:\Program Files\MiKTeX\tex/latex/lm\t1lmss.fd"
File: t1lmss.fd 2009/10/30 v1.6 Font defs for Latin Modern
)
LaTeX Font Info:    Trying to load font information for OT1+lmr on input line 1
57.
("C:\Program Files\MiKTeX\tex/latex/lm\ot1lmr.fd"
File: ot1lmr.fd 2009/10/30 v1.6 Font defs for Latin Modern
)
LaTeX Font Info:    Trying to load font information for OML+lmm on input line 1
57.
("C:\Program Files\MiKTeX\tex/latex/lm\omllmm.fd"
File: omllmm.fd 2009/10/30 v1.6 Font defs for Latin Modern
)
LaTeX Font Info:    Trying to load font information for OMS+lmsy on input line 
157.
("C:\Program Files\MiKTeX\tex/latex/lm\omslmsy.fd"
File: omslmsy.fd 2009/10/30 v1.6 Font defs for Latin Modern
)
LaTeX Font Info:    Trying to load font information for OMX+lmex on input line 
157.
("C:\Program Files\MiKTeX\tex/latex/lm\omxlmex.fd"
File: omxlmex.fd 2009/10/30 v1.6 Font defs for Latin Modern
)
LaTeX Font Info:    External font `lmex10' loaded for size
(Font)              <12> on input line 157.
LaTeX Font Info:    External font `lmex10' loaded for size
(Font)              <8> on input line 157.
LaTeX Font Info:    External font `lmex10' loaded for size
(Font)              <6> on input line 157.
LaTeX Font Info:    Trying to load font information for U+msa on input line 157
.
("C:\Program Files\MiKTeX\tex/latex/amsfonts\umsa.fd"
File: umsa.fd 2013/01/14 v3.01 AMS symbols A
) ("C:\Program Files\MiKTeX\tex/latex/microtype\mt-msa.cfg"
File: mt-msa.cfg 2006/02/04 v1.1 microtype config. file: AMS symbols (a) (RS)
)
LaTeX Font Info:    Trying to load font information for U+msb on input line 157
.
("C:\Program Files\MiKTeX\tex/latex/amsfonts\umsb.fd"
File: umsb.fd 2013/01/14 v3.01 AMS symbols B
) ("C:\Program Files\MiKTeX\tex/latex/microtype\mt-msb.cfg"
File: mt-msb.cfg 2005/06/01 v1.0 microtype config. file: AMS symbols (b) (RS)
)
LaTeX Font Info:    External font `lmex10' loaded for size
(Font)              <5> on input line 157.
(Full_document.toc
LaTeX Font Info:    External font `lmex10' loaded for size
(Font)              <10> on input line 4.
LaTeX Font Info:    External font `lmex10' loaded for size
(Font)              <7> on input line 4.
)
\tf@toc=\write3
\openout3 = `Full_document.toc'.

[1

{C:/Users/aimundo/AppData/Local/MiKTeX/pdftex/config/pdftex.map}] [2] [3] [4] [
5] [6]
<Full_document_files/figure-latex/l-q-response-1.pdf, id=244, 722.7pt x 722.7pt
>
File: Full_document_files/figure-latex/l-q-response-1.pdf Graphic file (type pd
f)
<use Full_document_files/figure-latex/l-q-response-1.pdf>
Package pdftex.def Info: Full_document_files/figure-latex/l-q-response-1.pdf  u
sed on input line 290.
(pdftex.def)             Requested size: 352.31758pt x 352.31758pt.
[7] [8 <./Full_document_files/figure-latex/l-q-response-1.pdf>] [9]
<Full_document_files/figure-latex/basis-plot-1.pdf, id=297, 722.7pt x 722.7pt>
File: Full_document_files/figure-latex/basis-plot-1.pdf Graphic file (type pdf)

<use Full_document_files/figure-latex/basis-plot-1.pdf>
Package pdftex.def Info: Full_document_files/figure-latex/basis-plot-1.pdf  use
d on input line 336.
(pdftex.def)             Requested size: 352.31758pt x 352.31758pt.
[10 <./Full_document_files/figure-latex/basis-plot-1.pdf>]
LaTeX Font Info:    Trying to load font information for T1+lmtt on input line 3
50.
("C:\Program Files\MiKTeX\tex/latex/lm\t1lmtt.fd"
File: t1lmtt.fd 2009/10/30 v1.6 Font defs for Latin Modern
)
LaTeX Font Info:    Trying to load font information for TS1+lmtt on input line 
365.
("C:\Program Files\MiKTeX\tex/latex/lm\ts1lmtt.fd"
File: ts1lmtt.fd 2009/10/30 v1.6 Font defs for Latin Modern
) [11]
<Full_document_files/figure-latex/sim-smooth-plot-1.pdf, id=336, 722.7pt x 505.
89pt>
File: Full_document_files/figure-latex/sim-smooth-plot-1.pdf Graphic file (type
 pdf)
<use Full_document_files/figure-latex/sim-smooth-plot-1.pdf>
Package pdftex.def Info: Full_document_files/figure-latex/sim-smooth-plot-1.pdf
  used on input line 377.
(pdftex.def)             Requested size: 352.31758pt x 246.6223pt.
<Full_document_files/figure-latex/plot-pairwise-comp-1.pdf, id=337, 722.7pt x 5
05.89pt>
File: Full_document_files/figure-latex/plot-pairwise-comp-1.pdf Graphic file (t
ype pdf)
<use Full_document_files/figure-latex/plot-pairwise-comp-1.pdf>
Package pdftex.def Info: Full_document_files/figure-latex/plot-pairwise-comp-1.
pdf  used on input line 388.
(pdftex.def)             Requested size: 352.31758pt x 246.6223pt.
[12 <./Full_document_files/figure-latex/sim-smooth-plot-1.pdf>] [13 <./Full_doc
ument_files/figure-latex/plot-pairwise-comp-1.pdf>] [14] [15]
Overfull \hbox (9.67955pt too wide) in paragraph at lines 487--489
\T1/lmr/m/n/10 (-20) nal of Re-search on Ed-u-ca-tional Ef-fec-tive-ness. 5 (n.
d.) 189--211. []https://doi.org/{10.1080/19345747.2011.618213}[]. 
 []


Underfull \hbox (badness 1331) in paragraph at lines 511--513
\T1/lmr/m/n/10 (+20) poth-e-sis test-ing: Keep it max-i-mal, Jour-nalL of Mem-o
ry and Lan-guage. 68 (n.d.) 255--278.
 []

[16]
Overfull \hbox (45.94151pt too wide) in paragraph at lines 535--537
\T1/lmr/m/n/10 (-20) Jour-nal of the Amer-i-can Sta-tis-ti-cal As-so-ci-a-tion.
 111 (n.d.) 1548--1563. []https://doi.org/{10.1080/01621459.2016.1180986}[]. 
 []


Overfull \hbox (38.66042pt too wide) in paragraph at lines 553--555
\T1/lmr/m/n/10 (-20) com-plete lon-gi-tu-di-nal clin-i-cal trial data, Bio-stat
is-tics. 5 (n.d.) 445--464. []https://doi.org/{10.1093/biostatistics/kxh001}[].
 
 []

[17] ("C:\Program Files\MiKTeX\tex/latex/listings\lstlang1.sty"
File: lstlang1.sty 2020/03/24 1.8d listings language file
) ("C:\Program Files\MiKTeX\tex/latex/listings\lstlang2.sty"
File: lstlang2.sty 2020/03/24 1.8d listings language file
) ("C:\Program Files\MiKTeX\tex/latex/listings\lstlang3.sty"
File: lstlang3.sty 2020/03/24 1.8d listings language file
)
Overfull \hbox (47.95004pt too wide) in paragraph at lines 605--607
[][][][] 
 []

[18] [19] [20] [21] [22]
<Full_document_files/figure-latex/linear-cases-Appendix-1.pdf, id=708, 1156.32p
t x 867.24pt>
File: Full_document_files/figure-latex/linear-cases-Appendix-1.pdf Graphic file
 (type pdf)
<use Full_document_files/figure-latex/linear-cases-Appendix-1.pdf>
Package pdftex.def Info: Full_document_files/figure-latex/linear-cases-Appendix
-1.pdf  used on input line 833.
(pdftex.def)             Requested size: 469.75385pt x 352.31538pt.
<Full_document_files/figure-latex/quadratic-cases-Appendix-1.pdf, id=710, 1156.
32pt x 867.24pt>
File: Full_document_files/figure-latex/quadratic-cases-Appendix-1.pdf Graphic f
ile (type pdf)
<use Full_document_files/figure-latex/quadratic-cases-Appendix-1.pdf>
Package pdftex.def Info: Full_document_files/figure-latex/quadratic-cases-Appen
dix-1.pdf  used on input line 841.
(pdftex.def)             Requested size: 469.75385pt x 352.31538pt.
[23 <./Full_document_files/figure-latex/linear-cases-Appendix-1.pdf>] [24 <./Fu
ll_document_files/figure-latex/quadratic-cases-Appendix-1.pdf>] [25] [26] [27]
<Full_document_files/figure-latex/basis-plot-appendix-1.pdf, id=915, 722.7pt x 
722.7pt>
File: Full_document_files/figure-latex/basis-plot-appendix-1.pdf Graphic file (
type pdf)
<use Full_document_files/figure-latex/basis-plot-appendix-1.pdf>
Package pdftex.def Info: Full_document_files/figure-latex/basis-plot-appendix-1
.pdf  used on input line 1029.
(pdftex.def)             Requested size: 352.31758pt x 352.31758pt.
[28 <./Full_document_files/figure-latex/basis-plot-appendix-1.pdf>] [29] [30]
<Full_document_files/figure-latex/first-GAM-diag-1.pdf, id=1036, 722.7pt x 505.
89pt>
File: Full_document_files/figure-latex/first-GAM-diag-1.pdf Graphic file (type 
pdf)
<use Full_document_files/figure-latex/first-GAM-diag-1.pdf>
Package pdftex.def Info: Full_document_files/figure-latex/first-GAM-diag-1.pdf 
 used on input line 1168.
(pdftex.def)             Requested size: 352.31758pt x 246.6223pt.
LaTeX Font Info:    External font `lmex10' loaded for size
(Font)              <9> on input line 1172.
<Full_document_files/figure-latex/first-GAM-check-1.pdf, id=1038, 469.755pt x 3
25.215pt>
File: Full_document_files/figure-latex/first-GAM-check-1.pdf Graphic file (type
 pdf)
<use Full_document_files/figure-latex/first-GAM-check-1.pdf>
Package pdftex.def Info: Full_document_files/figure-latex/first-GAM-check-1.pdf
  used on input line 1187.
(pdftex.def)             Requested size: 469.75386pt x 325.2142pt.
[31 <./Full_document_files/figure-latex/first-GAM-diag-1.pdf>] [32 <./Full_docu
ment_files/figure-latex/first-GAM-check-1.pdf>]
<Full_document_files/figure-latex/second-GAM-1.pdf, id=1109, 469.755pt x 325.21
5pt>
File: Full_document_files/figure-latex/second-GAM-1.pdf Graphic file (type pdf)

<use Full_document_files/figure-latex/second-GAM-1.pdf>
Package pdftex.def Info: Full_document_files/figure-latex/second-GAM-1.pdf  use
d on input line 1252.
(pdftex.def)             Requested size: 469.75386pt x 325.2142pt.
[33] [34 <./Full_document_files/figure-latex/second-GAM-1.pdf>]
<Full_document_files/figure-latex/second-GAM-diag-1.pdf, id=1173, 722.7pt x 505
.89pt>
File: Full_document_files/figure-latex/second-GAM-diag-1.pdf Graphic file (type
 pdf)
<use Full_document_files/figure-latex/second-GAM-diag-1.pdf>
Package pdftex.def Info: Full_document_files/figure-latex/second-GAM-diag-1.pdf
  used on input line 1308.
(pdftex.def)             Requested size: 352.31758pt x 246.6223pt.
[35 <./Full_document_files/figure-latex/second-GAM-diag-1.pdf>]
<Full_document_files/figure-latex/final-model-Appendix-1.pdf, id=1208, 469.755p
t x 325.215pt>
File: Full_document_files/figure-latex/final-model-Appendix-1.pdf Graphic file 
(type pdf)
<use Full_document_files/figure-latex/final-model-Appendix-1.pdf>
Package pdftex.def Info: Full_document_files/figure-latex/final-model-Appendix-
1.pdf  used on input line 1330.
(pdftex.def)             Requested size: 469.75386pt x 325.2142pt.
[36 <./Full_document_files/figure-latex/final-model-Appendix-1.pdf>]
<Full_document_files/figure-latex/final-GAM-diag-1.pdf, id=1245, 722.7pt x 505.
89pt>
File: Full_document_files/figure-latex/final-GAM-diag-1.pdf Graphic file (type 
pdf)
<use Full_document_files/figure-latex/final-GAM-diag-1.pdf>
Package pdftex.def Info: Full_document_files/figure-latex/final-GAM-diag-1.pdf 
 used on input line 1385.
(pdftex.def)             Requested size: 352.31758pt x 246.6223pt.
[37 <./Full_document_files/figure-latex/final-GAM-diag-1.pdf>] [38] [39]
<Full_document_files/figure-latex/pairwise-comp-workflow-fig-1.pdf, id=1379, 72
2.7pt x 505.89pt>
File: Full_document_files/figure-latex/pairwise-comp-workflow-fig-1.pdf Graphic
 file (type pdf)
<use Full_document_files/figure-latex/pairwise-comp-workflow-fig-1.pdf>
Package pdftex.def Info: Full_document_files/figure-latex/pairwise-comp-workflo
w-fig-1.pdf  used on input line 1504.
(pdftex.def)             Requested size: 352.31758pt x 246.6223pt.
[40 <./Full_document_files/figure-latex/pairwise-comp-workflow-fig-1.pdf>] [41]
[42]
<Full_document_files/figure-latex/missing-data-Appendix-1.pdf, id=1514, 469.755
pt x 325.215pt>
File: Full_document_files/figure-latex/missing-data-Appendix-1.pdf Graphic file
 (type pdf)
<use Full_document_files/figure-latex/missing-data-Appendix-1.pdf>
Package pdftex.def Info: Full_document_files/figure-latex/missing-data-Appendix
-1.pdf  used on input line 1663.
(pdftex.def)             Requested size: 469.75386pt x 325.2142pt.
[43] [44 <./Full_document_files/figure-latex/missing-data-Appendix-1.pdf>]
<Full_document_files/figure-latex/sim-smooth-plot-Appendix-1.pdf, id=1585, 722.
7pt x 505.89pt>
File: Full_document_files/figure-latex/sim-smooth-plot-Appendix-1.pdf Graphic f
ile (type pdf)
<use Full_document_files/figure-latex/sim-smooth-plot-Appendix-1.pdf>
Package pdftex.def Info: Full_document_files/figure-latex/sim-smooth-plot-Appen
dix-1.pdf  used on input line 1721.
(pdftex.def)             Requested size: 352.31758pt x 246.6223pt.
[45 <./Full_document_files/figure-latex/sim-smooth-plot-Appendix-1.pdf>] [46] [
47]
<Full_document_files/figure-latex/plot-pairwise-comp-Appendix-1.pdf, id=1736, 7
22.7pt x 505.89pt>
File: Full_document_files/figure-latex/plot-pairwise-comp-Appendix-1.pdf Graphi
c file (type pdf)
<use Full_document_files/figure-latex/plot-pairwise-comp-Appendix-1.pdf>
Package pdftex.def Info: Full_document_files/figure-latex/plot-pairwise-comp-Ap
pendix-1.pdf  used on input line 1858.
(pdftex.def)             Requested size: 352.31758pt x 246.6223pt.
[48 <./Full_document_files/figure-latex/plot-pairwise-comp-Appendix-1.pdf>] (Fu
ll_document.aux) ) 
Here is how much of TeX's memory you used:
 19889 strings out of 480236
 295000 string characters out of 2890427
 1156374 words of memory out of 3000000
 34708 multiletter control sequences out of 15000+200000
 627645 words of font info for 180 fonts, out of 3000000 for 9000
 1141 hyphenation exceptions out of 8191
 71i,10n,81p,1698b,2694s stack positions out of 5000i,500n,10000p,200000b,50000s
{C:/Program Files/MiKTeX/fonts/enc/dvips/lm/lm-mathsy.enc}{C:
/Program Files/MiKTeX/fonts/enc/dvips/lm/lm-ec.enc}{C:/Program Files/MiKTeX/fon
ts/enc/dvips/lm/lm-ts1.enc}{C:/Program Files/MiKTeX/fonts/enc/dvips/lm/lm-mathe
x.enc}{C:/Program Files/MiKTeX/fonts/enc/dvips/lm/lm-rm.enc}{C:/Program Files/M
iKTeX/fonts/enc/dvips/lm/lm-mathit.enc}<C:/Program Files/MiKTeX/fonts/type1/pub
lic/lm/lmbx10.pfb><C:/Program Files/MiKTeX/fonts/type1/public/lm/lmbx12.pfb><C:
/Program Files/MiKTeX/fonts/type1/public/lm/lmex10.pfb><C:/Program Files/MiKTeX
/fonts/type1/public/lm/lmmi10.pfb><C:/Program Files/MiKTeX/fonts/type1/public/l
m/lmmi7.pfb><C:/Program Files/MiKTeX/fonts/type1/public/lm/lmr10.pfb><C:/Progra
m Files/MiKTeX/fonts/type1/public/lm/lmr12.pfb><C:/Program Files/MiKTeX/fonts/t
ype1/public/lm/lmr6.pfb><C:/Program Files/MiKTeX/fonts/type1/public/lm/lmr7.pfb
><C:/Program Files/MiKTeX/fonts/type1/public/lm/lmr8.pfb><C:/Program Files/MiKT
eX/fonts/type1/public/lm/lmr9.pfb><C:/Program Files/MiKTeX/fonts/type1/public/l
m/lmri10.pfb><C:/Program Files/MiKTeX/fonts/type1/public/lm/lmri12.pfb><C:/Prog
ram Files/MiKTeX/fonts/type1/public/lm/lmri9.pfb><C:/Program Files/MiKTeX/fonts
/type1/public/lm/lmss10.pfb><C:/Program Files/MiKTeX/fonts/type1/public/lm/lmss
8.pfb><C:/Program Files/MiKTeX/fonts/type1/public/lm/lmsy10.pfb><C:/Program Fil
es/MiKTeX/fonts/type1/public/lm/lmsy7.pfb><C:/Program Files/MiKTeX/fonts/type1/
public/lm/lmtt10.pfb><C:/Program Files/MiKTeX/fonts/type1/public/lm/lmtt9.pfb>
Output written on Full_document.pdf (48 pages, 1156234 bytes).
PDF statistics:
 2160 PDF objects out of 2487 (max. 8388607)
 1213 named destinations out of 1440 (max. 500000)
 24862 words of extra memory for PDF output out of 24883 (max. 10000000)

