This is pdfTeX, Version 3.141592653-2.6-1.40.22 (TeX Live 2021/W32TeX) (preloaded format=pdflatex 2021.6.21)  21 JUN 2021 10:54
entering extended mode
 restricted \write18 enabled.
 %&-line parsing enabled.
**00-Full_document.tex
(./00-Full_document.tex
LaTeX2e <2021-06-01> patch level 1
L3 programming layer <2021-06-18> (./sagej.cls
Document Class: sagej 2017/01/17 v1.20\ sagej.cls

(c:/Users/aimundo/AppData/Roaming/TinyTeX/texmf-dist/tex/latex/base/article.cls
Document Class: article 2021/02/12 v1.4n Standard LaTeX document class
(c:/Users/aimundo/AppData/Roaming/TinyTeX/texmf-dist/tex/latex/base/size10.clo
File: size10.clo 2021/02/12 v1.4n Standard LaTeX file (size option)
)
\c@part=\count182
\c@section=\count183
\c@subsection=\count184
\c@subsubsection=\count185
\c@paragraph=\count186
\c@subparagraph=\count187
\c@figure=\count188
\c@table=\count189
\abovecaptionskip=\skip47
\belowcaptionskip=\skip48
\bibindent=\dimen138
)
(c:/Users/aimundo/AppData/Roaming/TinyTeX/texmf-dist/tex/latex/graphics/graphic
x.sty
Package: graphicx 2020/12/05 v1.2c Enhanced LaTeX Graphics (DPC,SPQR)

(c:/Users/aimundo/AppData/Roaming/TinyTeX/texmf-dist/tex/latex/graphics/keyval.
sty
Package: keyval 2014/10/28 v1.15 key=value parser (DPC)
\KV@toks@=\toks16
)
(c:/Users/aimundo/AppData/Roaming/TinyTeX/texmf-dist/tex/latex/graphics/graphic
s.sty
Package: graphics 2021/03/04 v1.4d Standard LaTeX Graphics (DPC,SPQR)

(c:/Users/aimundo/AppData/Roaming/TinyTeX/texmf-dist/tex/latex/graphics/trig.st
y
Package: trig 2016/01/03 v1.10 sin cos tan (DPC)
)
(c:/Users/aimundo/AppData/Roaming/TinyTeX/texmf-dist/tex/latex/graphics-cfg/gra
phics.cfg
File: graphics.cfg 2016/06/04 v1.11 sample graphics configuration
)
Package graphics Info: Driver file: pdftex.def on input line 107.

(c:/Users/aimundo/AppData/Roaming/TinyTeX/texmf-dist/tex/latex/graphics-def/pdf
tex.def
File: pdftex.def 2020/10/05 v1.2a Graphics/color driver for pdftex
))
\Gin@req@height=\dimen139
\Gin@req@width=\dimen140
)
(c:/Users/aimundo/AppData/Roaming/TinyTeX/texmf-dist/tex/latex/base/latexsym.st
y
Package: latexsym 1998/08/17 v2.2e Standard LaTeX package (lasy symbols)
\symlasy=\mathgroup4
LaTeX Font Info:    Overwriting symbol font `lasy' in version `bold'
(Font)                  U/lasy/m/n --> U/lasy/b/n on input line 52.
) (c:/Users/aimundo/AppData/Roaming/TinyTeX/texmf-dist/tex/latex/base/ifthen.st
y
Package: ifthen 2020/11/24 v1.1c Standard LaTeX ifthen package (DPC)
)
(c:/Users/aimundo/AppData/Roaming/TinyTeX/texmf-dist/tex/latex/graphics/rotatin
g.sty
Package: rotating 2016/08/11 v2.16d rotated objects in LaTeX
\c@r@tfl@t=\count190
\rotFPtop=\skip49
\rotFPbot=\skip50
\rot@float@box=\box50
\rot@mess@toks=\toks17
) (c:/Users/aimundo/AppData/Roaming/TinyTeX/texmf-dist/tex/latex/tools/calc.sty
Package: calc 2017/05/25 v4.3 Infix arithmetic (KKT,FJ)
\calc@Acount=\count191
\calc@Bcount=\count192
\calc@Adimen=\dimen141
\calc@Bdimen=\dimen142
\calc@Askip=\skip51
\calc@Bskip=\skip52
LaTeX Info: Redefining \setlength on input line 80.
LaTeX Info: Redefining \addtolength on input line 81.
\calc@Ccount=\count193
\calc@Cskip=\skip53
)
(c:/Users/aimundo/AppData/Roaming/TinyTeX/texmf-dist/tex/latex/textcase/textcas
e.sty
Package: textcase 2019/09/14 v1.00 Text only upper/lower case changing (DPC)
)
(c:/Users/aimundo/AppData/Roaming/TinyTeX/texmf-dist/tex/latex/booktabs/booktab
s.sty
Package: booktabs 2020/01/12 v1.61803398 Publication quality tables
\heavyrulewidth=\dimen143
\lightrulewidth=\dimen144
\cmidrulewidth=\dimen145
\belowrulesep=\dimen146
\belowbottomsep=\dimen147
\aboverulesep=\dimen148
\abovetopsep=\dimen149
\cmidrulesep=\dimen150
\cmidrulekern=\dimen151
\defaultaddspace=\dimen152
\@cmidla=\count194
\@cmidlb=\count195
\@aboverulesep=\dimen153
\@belowrulesep=\dimen154
\@thisruleclass=\count196
\@lastruleclass=\count197
\@thisrulewidth=\dimen155
)
(c:/Users/aimundo/AppData/Roaming/TinyTeX/texmf-dist/tex/latex/graphics/color.s
ty
Package: color 2020/02/24 v1.2b Standard LaTeX Color (DPC)

(c:/Users/aimundo/AppData/Roaming/TinyTeX/texmf-dist/tex/latex/graphics-cfg/col
or.cfg
File: color.cfg 2016/01/02 v1.6 sample color configuration
)
Package color Info: Driver file: pdftex.def on input line 149.
)
(c:/Users/aimundo/AppData/Roaming/TinyTeX/texmf-dist/tex/latex/endnotes/endnote
s.sty
Package: endnotes 2020-01-02 endnotes package
\c@endnote=\count198
\endnotesep=\dimen156
\@enotes=\write3
)
(c:/Users/aimundo/AppData/Roaming/TinyTeX/texmf-dist/tex/latex/amsfonts/amsfont
s.sty
Package: amsfonts 2013/01/14 v3.01 Basic AMSFonts support
\@emptytoks=\toks18
\symAMSa=\mathgroup5
\symAMSb=\mathgroup6
LaTeX Font Info:    Redeclaring math symbol \hbar on input line 98.
LaTeX Font Info:    Overwriting math alphabet `\mathfrak' in version `bold'
(Font)                  U/euf/m/n --> U/euf/b/n on input line 106.
)
(c:/Users/aimundo/AppData/Roaming/TinyTeX/texmf-dist/tex/latex/amsfonts/amssymb
.sty
Package: amssymb 2013/01/14 v3.01 AMS font symbols
)
(c:/Users/aimundo/AppData/Roaming/TinyTeX/texmf-dist/tex/latex/amsmath/amsbsy.s
ty
Package: amsbsy 1999/11/29 v1.2d Bold Symbols

(c:/Users/aimundo/AppData/Roaming/TinyTeX/texmf-dist/tex/latex/amsmath/amsgen.s
ty
File: amsgen.sty 1999/11/30 v2.0 generic functions
\@emptytoks=\toks19
\ex@=\dimen157
)
\pmbraise@=\dimen158
)
(c:/Users/aimundo/AppData/Roaming/TinyTeX/texmf-dist/tex/latex/amsmath/amsmath.
sty
Package: amsmath 2021/04/20 v2.17j AMS math features
\@mathmargin=\skip54
For additional information on amsmath, use the `?' option.

(c:/Users/aimundo/AppData/Roaming/TinyTeX/texmf-dist/tex/latex/amsmath/amstext.
sty
Package: amstext 2000/06/29 v2.01 AMS text
)
(c:/Users/aimundo/AppData/Roaming/TinyTeX/texmf-dist/tex/latex/amsmath/amsopn.s
ty
Package: amsopn 2016/03/08 v2.02 operator names
)
\inf@bad=\count199
LaTeX Info: Redefining \frac on input line 234.
\uproot@=\count266
\leftroot@=\count267
LaTeX Info: Redefining \overline on input line 399.
\classnum@=\count268
\DOTSCASE@=\count269
LaTeX Info: Redefining \ldots on input line 496.
LaTeX Info: Redefining \dots on input line 499.
LaTeX Info: Redefining \cdots on input line 620.
\Mathstrutbox@=\box51
\strutbox@=\box52
\big@size=\dimen159
LaTeX Font Info:    Redeclaring font encoding OML on input line 743.
LaTeX Font Info:    Redeclaring font encoding OMS on input line 744.
\macc@depth=\count270
\c@MaxMatrixCols=\count271
\dotsspace@=\muskip16
\c@parentequation=\count272
\dspbrk@lvl=\count273
\tag@help=\toks20
\row@=\count274
\column@=\count275
\maxfields@=\count276
\andhelp@=\toks21
\eqnshift@=\dimen160
\alignsep@=\dimen161
\tagshift@=\dimen162
\tagwidth@=\dimen163
\totwidth@=\dimen164
\lineht@=\dimen165
\@envbody=\toks22
\multlinegap=\skip55
\multlinetaggap=\skip56
\mathdisplay@stack=\toks23
LaTeX Info: Redefining \[ on input line 2923.
LaTeX Info: Redefining \] on input line 2924.
)
(c:/Users/aimundo/AppData/Roaming/TinyTeX/texmf-dist/tex/latex/amscls/amsthm.st
y
Package: amsthm 2020/05/29 v2.20.6
\thm@style=\toks24
\thm@bodyfont=\toks25
\thm@headfont=\toks26
\thm@notefont=\toks27
\thm@headpunct=\toks28
\thm@preskip=\skip57
\thm@postskip=\skip58
\thm@headsep=\skip59
\dth@everypar=\toks29
)
(c:/Users/aimundo/AppData/Roaming/TinyTeX/texmf-dist/tex/latex/base/tracefnt.st
y
Package: tracefnt 2020/12/22 v3.0n Standard LaTeX package (font tracing)
\tracingfonts=\count277
LaTeX Info: Redefining \selectfont on input line 107.
Applying: [2021/06/01] Add hook to \selectfont  on input line 142.
Already applied: [0000/00/00] Add hook to \selectfont  on input line 145.
)
\absbox=\box53
\@bls=\dimen166

(c:/Users/aimundo/AppData/Roaming/TinyTeX/texmf-dist/tex/latex/caption/caption.
sty
Package: caption 2020/10/26 v3.5g Customizing captions (AR)

(c:/Users/aimundo/AppData/Roaming/TinyTeX/texmf-dist/tex/latex/caption/caption3
.sty
Package: caption3 2020/10/21 v2.2e caption3 kernel (AR)
\captionmargin=\dimen167
\captionmargin@=\dimen168
\captionwidth=\dimen169
\caption@tempdima=\dimen170
\caption@indent=\dimen171
\caption@parindent=\dimen172
\caption@hangindent=\dimen173
Package caption Info: Standard document class detected.
)
\c@caption@flags=\count278
\c@continuedfloat=\count279
Package caption Info: rotating package is loaded.
))
(c:/Users/aimundo/AppData/Roaming/TinyTeX/texmf-dist/tex/latex/moreverb/morever
b.sty
Package: moreverb 2008/06/03 v2.3a `more' verbatim facilities

(c:/Users/aimundo/AppData/Roaming/TinyTeX/texmf-dist/tex/latex/tools/verbatim.s
ty
Package: verbatim 2020-07-07 v1.5u LaTeX2e package for verbatim enhancements
\every@verbatim=\toks30
\verbatim@line=\toks31
\verbatim@in@stream=\read2
)
\tab@position=\count280
\tab@size=\count281
\listing@line=\count282
) (c:/Users/aimundo/AppData/Roaming/TinyTeX/texmf-dist/tex/latex/url/url.sty
\Urlmuskip=\muskip17
Package: url 2013/09/16  ver 3.4  Verb mode for urls, etc.
)
(c:/Users/aimundo/AppData/Roaming/TinyTeX/texmf-dist/tex/latex/natbib/natbib.st
y
Package: natbib 2010/09/13 8.31b (PWD, AO)
\bibhang=\skip60
\bibsep=\skip61
LaTeX Info: Redefining \cite on input line 694.
\c@NAT@ctr=\count283
)
(c:/Users/aimundo/AppData/Roaming/TinyTeX/texmf-dist/tex/latex/multirow/multiro
w.sty
Package: multirow 2021/03/15 v2.8 Span multiple rows of a table
\multirow@colwidth=\skip62
\multirow@cntb=\count284
\multirow@dima=\skip63
\bigstrutjot=\dimen174
)
(c:/Users/aimundo/AppData/Roaming/TinyTeX/texmf-dist/tex/latex/tools/tabularx.s
ty
Package: tabularx 2020/01/15 v2.11c `tabularx' package (DPC)
(c:/Users/aimundo/AppData/Roaming/TinyTeX/texmf-dist/tex/latex/tools/array.sty
Package: array 2021/04/20 v2.5e Tabular extension package (FMi)
\col@sep=\dimen175
\ar@mcellbox=\box54
\extrarowheight=\dimen176
\NC@list=\toks32
\extratabsurround=\skip64
\backup@length=\skip65
\ar@cellbox=\box55
)
\TX@col@width=\dimen177
\TX@old@table=\dimen178
\TX@old@col=\dimen179
\TX@target=\dimen180
\TX@delta=\dimen181
\TX@cols=\count285
\TX@ftn=\toks33
)
(c:/Users/aimundo/AppData/Roaming/TinyTeX/texmf-dist/tex/latex/hyperref/hyperre
f.sty
Package: hyperref 2021-06-07 v7.00m Hypertext links for LaTeX

(c:/Users/aimundo/AppData/Roaming/TinyTeX/texmf-dist/tex/generic/ltxcmds/ltxcmd
s.sty
Package: ltxcmds 2020-05-10 v1.25 LaTeX kernel commands for general use (HO)
)
(c:/Users/aimundo/AppData/Roaming/TinyTeX/texmf-dist/tex/generic/iftex/iftex.st
y
Package: iftex 2020/03/06 v1.0d TeX engine tests
)
(c:/Users/aimundo/AppData/Roaming/TinyTeX/texmf-dist/tex/generic/pdftexcmds/pdf
texcmds.sty
Package: pdftexcmds 2020-06-27 v0.33 Utility functions of pdfTeX for LuaTeX (HO
)

(c:/Users/aimundo/AppData/Roaming/TinyTeX/texmf-dist/tex/generic/infwarerr/infw
arerr.sty
Package: infwarerr 2019/12/03 v1.5 Providing info/warning/error messages (HO)
)
Package pdftexcmds Info: \pdf@primitive is available.
Package pdftexcmds Info: \pdf@ifprimitive is available.
Package pdftexcmds Info: \pdfdraftmode found.
)
(c:/Users/aimundo/AppData/Roaming/TinyTeX/texmf-dist/tex/generic/kvsetkeys/kvse
tkeys.sty
Package: kvsetkeys 2019/12/15 v1.18 Key value parser (HO)
)
(c:/Users/aimundo/AppData/Roaming/TinyTeX/texmf-dist/tex/generic/kvdefinekeys/k
vdefinekeys.sty
Package: kvdefinekeys 2019-12-19 v1.6 Define keys (HO)
)
(c:/Users/aimundo/AppData/Roaming/TinyTeX/texmf-dist/tex/generic/pdfescape/pdfe
scape.sty
Package: pdfescape 2019/12/09 v1.15 Implements pdfTeX's escape features (HO)
)
(c:/Users/aimundo/AppData/Roaming/TinyTeX/texmf-dist/tex/latex/hycolor/hycolor.
sty
Package: hycolor 2020-01-27 v1.10 Color options for hyperref/bookmark (HO)
)
(c:/Users/aimundo/AppData/Roaming/TinyTeX/texmf-dist/tex/latex/letltxmacro/letl
txmacro.sty
Package: letltxmacro 2019/12/03 v1.6 Let assignment for LaTeX macros (HO)
)
(c:/Users/aimundo/AppData/Roaming/TinyTeX/texmf-dist/tex/latex/auxhook/auxhook.
sty
Package: auxhook 2019-12-17 v1.6 Hooks for auxiliary files (HO)
)
(c:/Users/aimundo/AppData/Roaming/TinyTeX/texmf-dist/tex/latex/kvoptions/kvopti
ons.sty
Package: kvoptions 2020-10-07 v3.14 Key value format for package options (HO)
)
\@linkdim=\dimen182
\Hy@linkcounter=\count286
\Hy@pagecounter=\count287

(c:/Users/aimundo/AppData/Roaming/TinyTeX/texmf-dist/tex/latex/hyperref/pd1enc.
def
File: pd1enc.def 2021-06-07 v7.00m Hyperref: PDFDocEncoding definition (HO)
Now handling font encoding PD1 ...
... no UTF-8 mapping file for font encoding PD1
)
(c:/Users/aimundo/AppData/Roaming/TinyTeX/texmf-dist/tex/latex/hyperref/hyperre
f-langpatches.def
File: hyperref-langpatches.def 2021-06-07 v7.00m Hyperref: patches for babel la
nguages
)
(c:/Users/aimundo/AppData/Roaming/TinyTeX/texmf-dist/tex/generic/intcalc/intcal
c.sty
Package: intcalc 2019/12/15 v1.3 Expandable calculations with integers (HO)
)
(c:/Users/aimundo/AppData/Roaming/TinyTeX/texmf-dist/tex/generic/etexcmds/etexc
mds.sty
Package: etexcmds 2019/12/15 v1.7 Avoid name clashes with e-TeX commands (HO)
)
\Hy@SavedSpaceFactor=\count288

(c:/Users/aimundo/AppData/Roaming/TinyTeX/texmf-dist/tex/latex/hyperref/puenc.d
ef
File: puenc.def 2021-06-07 v7.00m Hyperref: PDF Unicode definition (HO)
Now handling font encoding PU ...
... no UTF-8 mapping file for font encoding PU
)
Package hyperref Info: Option `colorlinks' set `true' on input line 4073.
Package hyperref Info: Option `bookmarksopen' set `true' on input line 4073.
Package hyperref Info: Option `bookmarksnumbered' set `true' on input line 4073
.
Package hyperref Info: Hyper figures OFF on input line 4192.
Package hyperref Info: Link nesting OFF on input line 4197.
Package hyperref Info: Hyper index ON on input line 4200.
Package hyperref Info: Plain pages OFF on input line 4207.
Package hyperref Info: Backreferencing OFF on input line 4212.
Package hyperref Info: Implicit mode ON; LaTeX internals redefined.
Package hyperref Info: Bookmarks ON on input line 4445.
\c@Hy@tempcnt=\count289
LaTeX Info: Redefining \url on input line 4804.
\XeTeXLinkMargin=\dimen183

(c:/Users/aimundo/AppData/Roaming/TinyTeX/texmf-dist/tex/generic/bitset/bitset.
sty
Package: bitset 2019/12/09 v1.3 Handle bit-vector datatype (HO)

(c:/Users/aimundo/AppData/Roaming/TinyTeX/texmf-dist/tex/generic/bigintcalc/big
intcalc.sty
Package: bigintcalc 2019/12/15 v1.5 Expandable calculations on big integers (HO
)
))
\Fld@menulength=\count290
\Field@Width=\dimen184
\Fld@charsize=\dimen185
Package hyperref Info: Hyper figures OFF on input line 6076.
Package hyperref Info: Link nesting OFF on input line 6081.
Package hyperref Info: Hyper index ON on input line 6084.
Package hyperref Info: backreferencing OFF on input line 6091.
Package hyperref Info: Link coloring ON on input line 6094.
Package hyperref Info: Link coloring with OCG OFF on input line 6101.
Package hyperref Info: PDF/A mode OFF on input line 6106.
LaTeX Info: Redefining \ref on input line 6146.
LaTeX Info: Redefining \pageref on input line 6150.

(c:/Users/aimundo/AppData/Roaming/TinyTeX/texmf-dist/tex/latex/base/atbegshi-lt
x.sty
Package: atbegshi-ltx 2021/01/10 v1.0c Emulation of the original atbegshi
package with kernel methods
)
\Hy@abspage=\count291
\c@Item=\count292
\c@Hfootnote=\count293
)
Package hyperref Info: Driver (autodetected): hpdftex.

(c:/Users/aimundo/AppData/Roaming/TinyTeX/texmf-dist/tex/latex/hyperref/hpdftex
.def
File: hpdftex.def 2021-06-07 v7.00m Hyperref driver for pdfTeX

(c:/Users/aimundo/AppData/Roaming/TinyTeX/texmf-dist/tex/latex/base/atveryend-l
tx.sty
Package: atveryend-ltx 2020/08/19 v1.0a Emulation of the original atvery packag
e
with kernel methods
)
\Fld@listcount=\count294
\c@bookmark@seq@number=\count295

(c:/Users/aimundo/AppData/Roaming/TinyTeX/texmf-dist/tex/latex/rerunfilecheck/r
erunfilecheck.sty
Package: rerunfilecheck 2019/12/05 v1.9 Rerun checks for auxiliary files (HO)

(c:/Users/aimundo/AppData/Roaming/TinyTeX/texmf-dist/tex/generic/uniquecounter/
uniquecounter.sty
Package: uniquecounter 2019/12/15 v1.4 Provide unlimited unique counter (HO)
)
Package uniquecounter Info: New unique counter `rerunfilecheck' on input line 2
86.
)
\Hy@SectionHShift=\skip66
)
\csllabelwidth=\skip67
\cslhangindent=\skip68

(c:/Users/aimundo/AppData/Roaming/TinyTeX/texmf-dist/tex/latex/lineno/lineno.st
y
Package: lineno 2005/11/02 line numbers on paragraphs v4.41
\linenopenalty=\count296
\output=\toks34
\linenoprevgraf=\count297
\linenumbersep=\dimen186
\linenumberwidth=\dimen187
\c@linenumber=\count298
\c@pagewiselinenumber=\count299
\c@LN@truepage=\count300
\c@internallinenumber=\count301
\c@internallinenumbers=\count302
\quotelinenumbersep=\dimen188
\bframerule=\dimen189
\bframesep=\dimen190
\bframebox=\box56
LaTeX Info: Redefining \\ on input line 3056.
)
(c:/Users/aimundo/AppData/Roaming/TinyTeX/texmf-dist/tex/latex/preprint/authblk
.sty
Package: authblk 2001/02/27 1.3 (PWD)
\affilsep=\skip69
\@affilsep=\skip70
\c@Maxaffil=\count303
\c@authors=\count304
\c@affil=\count305
)
\myorcidaffilbox=\box57
<orcid.png, id=1, 64.24pt x 64.24pt>
File: orcid.png Graphic file (type png)
<use orcid.png>
Package pdftex.def Info: orcid.png  used on input line 41.
(pdftex.def)             Requested size: 8.78278pt x 8.78333pt.

(c:/Users/aimundo/AppData/Roaming/TinyTeX/texmf-dist/tex/latex/xcolor/xcolor.st
y
Package: xcolor 2016/05/11 v2.12 LaTeX color extensions (UK)

(c:/Users/aimundo/AppData/Roaming/TinyTeX/texmf-dist/tex/latex/graphics-cfg/col
or.cfg
File: color.cfg 2016/01/02 v1.6 sample color configuration
)
Package xcolor Info: Driver file: pdftex.def on input line 225.
LaTeX Info: Redefining \color on input line 709.
Package xcolor Info: Model `cmy' substituted by `cmy0' on input line 1348.
Package xcolor Info: Model `hsb' substituted by `rgb' on input line 1352.
Package xcolor Info: Model `RGB' extended on input line 1364.
Package xcolor Info: Model `HTML' substituted by `rgb' on input line 1366.
Package xcolor Info: Model `Hsb' substituted by `hsb' on input line 1367.
Package xcolor Info: Model `tHsb' substituted by `hsb' on input line 1368.
Package xcolor Info: Model `HSB' substituted by `hsb' on input line 1369.
Package xcolor Info: Model `Gray' substituted by `gray' on input line 1370.
Package xcolor Info: Model `wave' substituted by `hsb' on input line 1371.
)
! Undefined control sequence.
l.81 \lstset
            { 
Here is how much of TeX's memory you used:
 11191 strings out of 480470
 166463 string characters out of 5897097
 467617 words of memory out of 5000000
 28783 multiletter control sequences out of 15000+600000
 403728 words of font info for 28 fonts, out of 8000000 for 9000
 14 hyphenation exceptions out of 8191
 72i,4n,80p,288b,198s stack positions out of 5000i,500n,10000p,200000b,80000s

!  ==> Fatal error occurred, no output PDF file produced!
